<?xml version="1.0" encoding="UTF-8"?>
<!-- Generated by org.testng.reporters.JUnitReportReporter -->
<testsuite hostname="LAPTOP-U0FAR30F" failures="0" tests="4" name="com.employeeApi.testcases.TestCase_001" time="0.055" errors="0" timestamp="2023-03-26T21:40:02 IST" skipped="0">
  <testcase classname="com.employeeApi.testcases.TestCase_001" name="verifyStatusline" time="0.003"/>
  <system-out/>
  <testcase classname="com.employeeApi.testcases.TestCase_001" name="verifyresponsebody" time="0.032"/>
  <system-out/>
  <testcase classname="com.employeeApi.testcases.TestCase_001" name="verifyResponseTime" time="0.016"/>
  <system-out/>
  <testcase classname="com.employeeApi.testcases.TestCase_001" name="verifyStatusCode" time="0.004"/>
  <system-out/>
</testsuite> <!-- com.employeeApi.testcases.TestCase_001 -->
