<?xml version="1.0" encoding="UTF-8"?>
<!-- Generated by org.testng.reporters.JUnitReportReporter -->
<testsuite hostname="LAPTOP-U0FAR30F" failures="0" tests="4" name="com.employeeApi.testcases.TestCase_001" time="0.026" errors="0" timestamp="2023-03-27T10:28:36 IST" skipped="0">
  <testcase classname="com.employeeApi.testcases.TestCase_001" name="verifyStatusline" time="0.000"/>
  <system-out/>
  <testcase classname="com.employeeApi.testcases.TestCase_001" name="verifyResponseTime" time="0.000"/>
  <system-out/>
  <testcase classname="com.employeeApi.testcases.TestCase_001" name="verifyStatusCode" time="0.003"/>
  <system-out/>
  <testcase classname="com.employeeApi.testcases.TestCase_001" name="verifyresponsebody" time="0.023"/>
  <system-out/>
</testsuite> <!-- com.employeeApi.testcases.TestCase_001 -->
